{
  "stats": {
    "suites": 1,
    "tests": 16,
    "passes": 16,
    "pending": 0,
    "failures": 0,
    "start": "2024-07-03T20:30:37.949Z",
    "end": "2024-07-03T20:34:39.981Z",
    "duration": 242032,
    "testsRegistered": 16,
    "passPercent": 100,
    "pendingPercent": 0,
    "other": 0,
    "hasOther": false,
    "skipped": 0,
    "hasSkipped": false
  },
  "results": [
    {
      "uuid": "f35b7f1f-84e1-4bec-b714-3157f3e4692f",
      "title": "",
      "fullFile": "/Users/user/Desktop/maitha/e2e/clicks_test.js",
      "file": "/e2e/clicks_test.js",
      "beforeHooks": [],
      "afterHooks": [],
      "tests": [],
      "suites": [
        {
          "uuid": "fbbe081d-fbeb-47b2-840c-fe8407dc6d6a",
          "title": "Clicks",
          "fullFile": "/Users/user/Desktop/maitha/e2e/clicks_test.js",
          "file": "/e2e/clicks_test.js",
          "beforeHooks": [
            {
              "title": "\"before all\" hook: codeceptjs.beforeSuite in \"Clicks\"",
              "fullTitle": "Clicks \"before all\" hook: codeceptjs.beforeSuite in \"Clicks\"",
              "timedOut": false,
              "duration": 3,
              "state": null,
              "speed": null,
              "pass": false,
              "fail": false,
              "pending": false,
              "context": null,
              "code": "scenario.suiteSetup(suite)",
              "err": {},
              "uuid": "d55d837e-a487-49d3-a5c1-8ab9d5403504",
              "parentUUID": "fbbe081d-fbeb-47b2-840c-fe8407dc6d6a",
              "isHook": true,
              "skipped": false
            },
            {
              "title": "\"before each\" hook: codeceptjs.before in \"Clicks\"",
              "fullTitle": "Clicks \"before each\" hook: codeceptjs.before in \"Clicks\"",
              "timedOut": false,
              "duration": 6378,
              "state": null,
              "speed": null,
              "pass": false,
              "fail": false,
              "pending": false,
              "context": null,
              "code": "scenario.setup(suite)",
              "err": {},
              "uuid": "36d73cf5-d2db-4ad5-84a2-cbbc4ac662f5",
              "parentUUID": "fbbe081d-fbeb-47b2-840c-fe8407dc6d6a",
              "isHook": true,
              "skipped": false
            },
            {
              "title": "\"before each\" hook: Before in \"Clicks\"",
              "fullTitle": "Clicks \"before each\" hook: Before in \"Clicks\"",
              "timedOut": false,
              "duration": 1729,
              "state": null,
              "speed": null,
              "pass": false,
              "fail": false,
              "pending": false,
              "context": null,
              "code": "settings.checkTitle()",
              "err": {},
              "uuid": "7d5d2d5c-b624-4951-8833-db697737c90c",
              "parentUUID": "fbbe081d-fbeb-47b2-840c-fe8407dc6d6a",
              "isHook": true,
              "skipped": false
            }
          ],
          "afterHooks": [
            {
              "title": "\"after all\" hook: codeceptjs.afterSuite in \"Clicks\"",
              "fullTitle": "Clicks \"after all\" hook: codeceptjs.afterSuite in \"Clicks\"",
              "timedOut": false,
              "duration": 0,
              "state": null,
              "speed": null,
              "pass": false,
              "fail": false,
              "pending": false,
              "context": null,
              "code": "scenario.suiteTeardown(suite)",
              "err": {},
              "uuid": "31c49d51-baed-4e77-bfb6-3c71dbdd1aca",
              "parentUUID": "fbbe081d-fbeb-47b2-840c-fe8407dc6d6a",
              "isHook": true,
              "skipped": false
            },
            {
              "title": "\"after each\" hook: After in \"Clicks\"",
              "fullTitle": "Clicks \"after each\" hook: After in \"Clicks\"",
              "timedOut": false,
              "duration": 1,
              "state": null,
              "speed": null,
              "pass": false,
              "fail": false,
              "pending": false,
              "context": null,
              "code": "if (process.env.AMBIENT === 'remote-android' || process.env.AMBIENT === 'remote-ios') {\n    hooks.testPassedOrFail(testPassed)\n}\ntestPassed = false",
              "err": {},
              "uuid": "8fe74ec2-93eb-4709-b71a-c22cde2e2e6d",
              "parentUUID": "fbbe081d-fbeb-47b2-840c-fe8407dc6d6a",
              "isHook": true,
              "skipped": false
            },
            {
              "title": "\"after each\" hook: finalize codeceptjs in \"Clicks\"",
              "fullTitle": "Clicks \"after each\" hook: finalize codeceptjs in \"Clicks\"",
              "timedOut": false,
              "duration": 1035,
              "state": null,
              "speed": null,
              "pass": false,
              "fail": false,
              "pending": false,
              "context": null,
              "code": "scenario.teardown(suite)",
              "err": {},
              "uuid": "c934609d-ffa6-4682-a09e-01b0c05787f3",
              "parentUUID": "fbbe081d-fbeb-47b2-840c-fe8407dc6d6a",
              "isHook": true,
              "skipped": false
            }
          ],
          "tests": [
            {
              "title": "Validar direcionamento - Tempo de uso",
              "fullTitle": "Clicks: Validar direcionamento - Tempo de uso",
              "timedOut": false,
              "duration": 3511,
              "state": "passed",
              "speed": "slow",
              "pass": true,
              "fail": false,
              "pending": false,
              "context": null,
              "code": "settings.clickInMenu('~Tempo de Uso')\nI.waitForElement('~Tempo de Uso', 5)",
              "err": {},
              "uuid": "a216a5e6-49f5-4576-ab76-dccf54e3783e",
              "parentUUID": "fbbe081d-fbeb-47b2-840c-fe8407dc6d6a",
              "isHook": false,
              "skipped": false
            },
            {
              "title": "Validar direcionamento - Geral",
              "fullTitle": "Clicks: Validar direcionamento - Geral",
              "timedOut": false,
              "duration": 2982,
              "state": "passed",
              "speed": "slow",
              "pass": true,
              "fail": false,
              "pending": false,
              "context": null,
              "code": "const element = '~Geral'\nawait scroll.scrollToElement(element)\nsettings.clickInMenu(element)\nI.waitForElement('~Sobre', 5)",
              "err": {},
              "uuid": "8b4017f7-8dcc-457d-b6bf-07cd17dfb881",
              "parentUUID": "fbbe081d-fbeb-47b2-840c-fe8407dc6d6a",
              "isHook": false,
              "skipped": false
            },
            {
              "title": "Validar direcionamento - Botão de Ação",
              "fullTitle": "Clicks: Validar direcionamento - Botão de Ação",
              "timedOut": false,
              "duration": 2505,
              "state": "passed",
              "speed": "slow",
              "pass": true,
              "fail": false,
              "pending": false,
              "context": null,
              "code": "settings.clickInMenu('~Botão de Ação')\nI.waitForElement('~Modo Silencioso', 5)",
              "err": {},
              "uuid": "858ddaa6-c25e-4191-8e43-e74b213a17a9",
              "parentUUID": "fbbe081d-fbeb-47b2-840c-fe8407dc6d6a",
              "isHook": false,
              "skipped": false
            },
            {
              "title": "Validar direcionamento - Acessibilidade",
              "fullTitle": "Clicks: Validar direcionamento - Acessibilidade",
              "timedOut": false,
              "duration": 5048,
              "state": "passed",
              "speed": "slow",
              "pass": true,
              "fail": false,
              "pending": false,
              "context": null,
              "code": "settings.clickInMenu('~Acessibilidade')\nI.waitForElement('~VISÃO', 5)\nI.waitForElement('~FÍSICA E MOTORA', 5)\nI.waitForElement('~AUDIÇÃO', 5)\nI.waitForElement('~FALA', 5)",
              "err": {},
              "uuid": "60b9935b-3a04-4918-af43-a20d1dfc2c6b",
              "parentUUID": "fbbe081d-fbeb-47b2-840c-fe8407dc6d6a",
              "isHook": false,
              "skipped": false
            },
            {
              "title": "Validar direcionamento - Privacy",
              "fullTitle": "Clicks: Validar direcionamento - Privacy",
              "timedOut": false,
              "duration": 3743,
              "state": "passed",
              "speed": "slow",
              "pass": true,
              "fail": false,
              "pending": false,
              "context": null,
              "code": "settings.clickInMenu('~Privacy')\nI.waitForElement('~Privacidade e Segurança', 5)",
              "err": {},
              "uuid": "e53c8f37-773d-448f-b217-1c3d36e2ef00",
              "parentUUID": "fbbe081d-fbeb-47b2-840c-fe8407dc6d6a",
              "isHook": false,
              "skipped": false
            },
            {
              "title": "Validar direcionamento - Safari",
              "fullTitle": "Clicks: Validar direcionamento - Safari",
              "timedOut": false,
              "duration": 6346,
              "state": "passed",
              "speed": "slow",
              "pass": true,
              "fail": false,
              "pending": false,
              "context": null,
              "code": "settings.clickInMenu('~Safari')\nI.waitForElement('~PERMITIR QUE SAFARI ACESSE:', 5)\nI.waitForElement('~IDIOMA PREFERIDO', 5)\nI.waitForElement('~BUSCAR', 5)",
              "err": {},
              "uuid": "7744626c-bfde-4278-8c68-5c7b29ef0e4f",
              "parentUUID": "fbbe081d-fbeb-47b2-840c-fe8407dc6d6a",
              "isHook": false,
              "skipped": false
            },
            {
              "title": "Validar direcionamento - News",
              "fullTitle": "Clicks: Validar direcionamento - News",
              "timedOut": false,
              "duration": 3181,
              "state": "passed",
              "speed": "slow",
              "pass": true,
              "fail": false,
              "pending": false,
              "context": null,
              "code": "settings.clickInMenu('~News')\nI.waitForElement('~PERMITIR QUE NEWS ACESSE:', 5)\nI.waitForElement('~IDIOMA PREFERIDO', 5)\nI.waitForElement('~NEWS SETTINGS', 5)",
              "err": {},
              "uuid": "e6bea460-560e-4b07-b5bc-cbe34900a8e4",
              "parentUUID": "fbbe081d-fbeb-47b2-840c-fe8407dc6d6a",
              "isHook": false,
              "skipped": false
            },
            {
              "title": "Validar direcionamento - Traduzir",
              "fullTitle": "Clicks: Validar direcionamento - Traduzir",
              "timedOut": false,
              "duration": 2091,
              "state": "passed",
              "speed": "slow",
              "pass": true,
              "fail": false,
              "pending": false,
              "context": null,
              "code": "settings.clickInMenu('~Traduzir')\nI.waitForElement('~Idiomas Baixados', 5)\nI.waitForElement('~OnDeviceOnly', 5)",
              "err": {},
              "uuid": "92dc89eb-4c5d-4b9f-b8e6-7925229416a5",
              "parentUUID": "fbbe081d-fbeb-47b2-840c-fe8407dc6d6a",
              "isHook": false,
              "skipped": false
            },
            {
              "title": "Validar direcionamento - Mapas @teste",
              "fullTitle": "Clicks: Validar direcionamento - Mapas @teste",
              "timedOut": false,
              "duration": 3270,
              "state": "passed",
              "speed": "slow",
              "pass": true,
              "fail": false,
              "pending": false,
              "context": null,
              "code": "settings.clickInMenu('~Mapas')\nI.waitForElement('~PERMITIR QUE MAPAS ACESSE:', 5)\nI.waitForElement('~MODO DE TRANSPORTE PREFERIDO', 5)",
              "err": {},
              "uuid": "1d85f3be-44eb-46da-904c-e0cbf3dcdb92",
              "parentUUID": "fbbe081d-fbeb-47b2-840c-fe8407dc6d6a",
              "isHook": false,
              "skipped": false
            },
            {
              "title": "Validar direcionamento - Atalhos @teste",
              "fullTitle": "Clicks: Validar direcionamento - Atalhos @teste",
              "timedOut": false,
              "duration": 2459,
              "state": "passed",
              "speed": "slow",
              "pass": true,
              "fail": false,
              "pending": false,
              "context": null,
              "code": "settings.clickInMenu('~Atalhos')\nI.waitForElement('~IDIOMA PREFERIDO', 5)\nI.waitForElement('~Autorize o recebimento de atalhos diretamente de seus contatos. A Apple não pode conferir a autenticidade dos atalhos compartilhados de forma privada. Sobre o Compartilhamento de Atalhos e Privacidade…', 5)",
              "err": {},
              "uuid": "3e260696-9cdc-42ec-a335-a280a01a301f",
              "parentUUID": "fbbe081d-fbeb-47b2-840c-fe8407dc6d6a",
              "isHook": false,
              "skipped": false
            },
            {
              "title": "Validar direcionamento - Siri e Busca @teste",
              "fullTitle": "Clicks: Validar direcionamento - Siri e Busca @teste",
              "timedOut": false,
              "duration": 6664,
              "state": "passed",
              "speed": "slow",
              "pass": true,
              "fail": false,
              "pending": false,
              "context": null,
              "code": "const element = '~Siri e Busca'\nawait scroll.scrollToElement(element)\nsettings.clickInMenu(element)\nI.waitForElement('~PEDIR À SIRI', 5)\nI.waitForElement('~ANTES DE BUSCAR', 5)",
              "err": {},
              "uuid": "91d0cb6c-c61e-402c-b4ac-e9602089d941",
              "parentUUID": "fbbe081d-fbeb-47b2-840c-fe8407dc6d6a",
              "isHook": false,
              "skipped": false
            },
            {
              "title": "Validar direcionamento - Fotos @teste",
              "fullTitle": "Clicks: Validar direcionamento - Fotos @teste",
              "timedOut": false,
              "duration": 8081,
              "state": "passed",
              "speed": "slow",
              "pass": true,
              "fail": false,
              "pending": false,
              "context": null,
              "code": "const element = '~Fotos'\nawait scroll.scrollToElement(element)\nsettings.clickInMenu(element)\nI.waitForElement('~PERMITIR QUE FOTOS ACESSE:', 5)\nI.waitForElement('~ÁLBUNS', 5)",
              "err": {},
              "uuid": "7ae78dd6-20ce-4a04-b413-3d79340d412c",
              "parentUUID": "fbbe081d-fbeb-47b2-840c-fe8407dc6d6a",
              "isHook": false,
              "skipped": false
            },
            {
              "title": "Validar clcik em Game Center",
              "fullTitle": "Clicks: Validar clcik em Game Center",
              "timedOut": false,
              "duration": 6781,
              "state": "passed",
              "speed": "slow",
              "pass": true,
              "fail": false,
              "pending": false,
              "context": null,
              "code": "const element = '~GAMECENTER'\nawait scroll.scrollToElement(element)\nsettings.clickInMenu(element)",
              "err": {},
              "uuid": "2fbd30bd-0907-4f71-ae92-aa717331c426",
              "parentUUID": "fbbe081d-fbeb-47b2-840c-fe8407dc6d6a",
              "isHook": false,
              "skipped": false
            },
            {
              "title": "Validar clcik em Desenvolvedor",
              "fullTitle": "Clicks: Validar clcik em Desenvolvedor",
              "timedOut": false,
              "duration": 11015,
              "state": "passed",
              "speed": "slow",
              "pass": true,
              "fail": false,
              "pending": false,
              "context": null,
              "code": "const element = '~DEVELOPER_SETTINGS'\nawait scroll.scrollToElement(element)\nsettings.clickInMenu(element)",
              "err": {},
              "uuid": "4631bdd5-de45-4af0-8e88-fa5c3b69169f",
              "parentUUID": "fbbe081d-fbeb-47b2-840c-fe8407dc6d6a",
              "isHook": false,
              "skipped": false
            },
            {
              "title": "Validar busca por saude",
              "fullTitle": "Clicks: Validar busca por saude",
              "timedOut": false,
              "duration": 17589,
              "state": "passed",
              "speed": "slow",
              "pass": true,
              "fail": false,
              "pending": false,
              "context": null,
              "code": "I.performSwipe({ x: 300, y: 200 }, { x: 300, y: 500 })\nsettings.find('Saúde')\nconst element = '//XCUIElementTypeCell[@name=\"Saúde\"]'\nI.waitForElement(element, 5)\nsettings.clickInMenu(element)\nI.waitForElement('~Saúde', 5)",
              "err": {},
              "uuid": "5bc99934-31d1-4f09-8868-1e57fce85a98",
              "parentUUID": "fbbe081d-fbeb-47b2-840c-fe8407dc6d6a",
              "isHook": false,
              "skipped": false
            },
            {
              "title": "Validar ativação do modo Escuro",
              "fullTitle": "Clicks: Validar ativação do modo Escuro",
              "timedOut": false,
              "duration": 18256,
              "state": "passed",
              "speed": "slow",
              "pass": true,
              "fail": false,
              "pending": false,
              "context": null,
              "code": "const element = '~DEVELOPER_SETTINGS'\nawait scroll.scrollToElement(element)\nsettings.clickInMenu(element)\nconst swith = '~Aparência Escura'\nconst action = async () => await I.grabValueFrom(swith)\nconst condtion = await action()\nI.click(swith)\nconst valid = await action()\nexpect(valid).to.be.equal(condtion > 0 ? '0' : '1');",
              "err": {},
              "uuid": "0a72c207-006d-44ee-9bd2-982d4d748e54",
              "parentUUID": "fbbe081d-fbeb-47b2-840c-fe8407dc6d6a",
              "isHook": false,
              "skipped": false
            }
          ],
          "suites": [],
          "passes": [
            "a216a5e6-49f5-4576-ab76-dccf54e3783e",
            "8b4017f7-8dcc-457d-b6bf-07cd17dfb881",
            "858ddaa6-c25e-4191-8e43-e74b213a17a9",
            "60b9935b-3a04-4918-af43-a20d1dfc2c6b",
            "e53c8f37-773d-448f-b217-1c3d36e2ef00",
            "7744626c-bfde-4278-8c68-5c7b29ef0e4f",
            "e6bea460-560e-4b07-b5bc-cbe34900a8e4",
            "92dc89eb-4c5d-4b9f-b8e6-7925229416a5",
            "1d85f3be-44eb-46da-904c-e0cbf3dcdb92",
            "3e260696-9cdc-42ec-a335-a280a01a301f",
            "91d0cb6c-c61e-402c-b4ac-e9602089d941",
            "7ae78dd6-20ce-4a04-b413-3d79340d412c",
            "2fbd30bd-0907-4f71-ae92-aa717331c426",
            "4631bdd5-de45-4af0-8e88-fa5c3b69169f",
            "5bc99934-31d1-4f09-8868-1e57fce85a98",
            "0a72c207-006d-44ee-9bd2-982d4d748e54"
          ],
          "failures": [],
          "pending": [],
          "skipped": [],
          "duration": 103522,
          "root": false,
          "rootEmpty": false,
          "_timeout": 0
        }
      ],
      "passes": [],
      "failures": [],
      "pending": [],
      "skipped": [],
      "duration": 0,
      "root": true,
      "rootEmpty": true,
      "_timeout": 0
    }
  ],
  "meta": {
    "mocha": {
      "version": "10.4.0"
    },
    "mochawesome": {
      "options": {
        "quiet": false,
        "reportFilename": "mochawesome",
        "saveHtml": true,
        "saveJson": true,
        "consoleReporter": "spec",
        "useInlineDiffs": false,
        "code": true
      },
      "version": "7.1.3"
    },
    "marge": {
      "options": {
        "reportDir": "output"
      },
      "version": "6.2.0"
    }
  }
}